<?xml version="1.0" encoding="UTF-8"?>
<!-- Generated by org.testng.reporters.JUnitReportReporter -->
<testsuite skipped="0" hostname="LAPTOP-1GFO455T" name="testScript.Test1" tests="1" failures="0" timestamp="31 Jan 2019 13:43:02 GMT" time="41.060" errors="0">
  <testcase name="test1" time="41.060" classname="testScript.Test1"/>
</testsuite> <!-- testScript.Test1 -->
